[duruthemes.com/demo/html/cappa/demo2/index.html]
[backblue.gif]
[fade.gif]
[index.html]
[duruthemes.com/demo/html/cappa/demo2/img/favicon.png]
[duruthemes.com/demo/html/cappa/demo2/css/plugins.css]
[duruthemes.com/demo/html/cappa/demo2/css/style.css]
[duruthemes.com/demo/html/cappa/demo2/img/logo.png]
[duruthemes.com/demo/html/cappa/demo2/index2.html]
[duruthemes.com/demo/html/cappa/demo2/index3.html]
[duruthemes.com/demo/html/cappa/demo2/index4.html]
[duruthemes.com/demo/html/cappa/demo2/index5.html]
[duruthemes.com/demo/html/cappa/demo2/index6.html]
[duruthemes.com/demo/html/cappa/demo2/index7.html]
[duruthemes.com/demo/html/cappa/demo2/index8.html]
[duruthemes.com/demo/html/cappa/demo2/index9.html]
[duruthemes.com/demo/html/cappa/demo2/index10.html]
[duruthemes.com/demo/html/cappa/demo2/index11.html]
[duruthemes.com/demo/html/cappa/demo2/index12.html]
[duruthemes.com/demo/html/cappa/demo2/index13.html]
[duruthemes.com/demo/html/cappa/demo2/index14.html]
[duruthemes.com/demo/html/cappa/demo2/index15.html]
[duruthemes.com/demo/html/cappa/demo2/about.html]
[duruthemes.com/demo/html/cappa/demo2/rooms.html]
[duruthemes.com/demo/html/cappa/demo2/rooms2.html]
[duruthemes.com/demo/html/cappa/demo2/rooms3.html]
[duruthemes.com/demo/html/cappa/demo2/room-details.html]
[duruthemes.com/demo/html/cappa/demo2/restaurant.html]
[duruthemes.com/demo/html/cappa/demo2/spa-wellness.html]
[duruthemes.com/demo/html/cappa/demo2/services.html]
[duruthemes.com/demo/html/cappa/demo2/facilities.html]
[duruthemes.com/demo/html/cappa/demo2/gallery.html]
[duruthemes.com/demo/html/cappa/demo2/team.html]
[duruthemes.com/demo/html/cappa/demo2/pricing.html]
[duruthemes.com/demo/html/cappa/demo2/careers.html]
[duruthemes.com/demo/html/cappa/demo2/faq.html]
[duruthemes.com/demo/html/cappa/demo2/404.html]
[duruthemes.com/demo/html/cappa/demo2/coming-soon.html]
[duruthemes.com/demo/html/cappa/demo2/news.html]
[duruthemes.com/demo/html/cappa/demo2/news2.html]
[duruthemes.com/demo/html/cappa/demo2/post.html]
[duruthemes.com/demo/html/cappa/demo2/contact.html]
[duruthemes.com/demo/html/cappa/demo2/img/slider/2.jpg]
[duruthemes.com/demo/html/cappa/demo2/img/slider/3.jpg]
[duruthemes.com/demo/html/cappa/demo2/img/slider/1.jpg]
[duruthemes.com/demo/html/cappa/demo2/img/rooms/8.jpg]
[duruthemes.com/demo/html/cappa/demo2/img/rooms/2.jpg]
[duruthemes.com/demo/html/cappa/demo2/img/rooms/1.jpg]
[duruthemes.com/demo/html/cappa/demo2/img/rooms/3.jpg]
[duruthemes.com/demo/html/cappa/demo2/img/rooms/4.jpg]
[duruthemes.com/demo/html/cappa/demo2/img/rooms/7.jpg]
[duruthemes.com/demo/html/cappa/demo2/img/pricing/1.jpg]
[duruthemes.com/demo/html/cappa/demo2/img/pricing/2.jpg]
[duruthemes.com/demo/html/cappa/demo2/img/pricing/3.jpg]
[duruthemes.com/demo/html/cappa/demo2/img/pricing/4.jpg]
[duruthemes.com/demo/html/cappa/demo2/img/quot.png]
[duruthemes.com/demo/html/cappa/demo2/img/team/4.jpg]
[duruthemes.com/demo/html/cappa/demo2/img/team/1.jpg]
[duruthemes.com/demo/html/cappa/demo2/img/team/5.jpg]
[duruthemes.com/demo/html/cappa/demo2/img/restaurant/1.jpg]
[duruthemes.com/demo/html/cappa/demo2/img/spa/3.jpg]
[duruthemes.com/demo/html/cappa/demo2/img/spa/2.jpg]
[duruthemes.com/demo/html/cappa/demo2/img/spa/1.jpg]
[duruthemes.com/demo/html/cappa/demo2/img/news/1.jpg]
[duruthemes.com/demo/html/cappa/demo2/img/news/2.jpg]
[duruthemes.com/demo/html/cappa/demo2/img/news/3.jpg]
[duruthemes.com/demo/html/cappa/demo2/img/news/4.jpg]
[duruthemes.com/demo/html/cappa/demo2/img/news/6.jpg]
[duruthemes.com/demo/html/cappa/demo2/img/news/5.jpg]
[duruthemes.com/demo/html/cappa/demo2/img/clients/1.png]
[duruthemes.com/demo/html/cappa/demo2/img/clients/2.png]
[duruthemes.com/demo/html/cappa/demo2/img/clients/3.png]
[duruthemes.com/demo/html/cappa/demo2/img/clients/4.png]
[duruthemes.com/demo/html/cappa/demo2/img/clients/5.png]
[duruthemes.com/demo/html/cappa/demo2/img/clients/6.png]
[duruthemes.com/demo/html/cappa/demo2/js/jquery-3.6.0.min.js]
[duruthemes.com/demo/html/cappa/demo2/js/jquery-migrate-3.0.0.min.js]
[duruthemes.com/demo/html/cappa/demo2/js/modernizr-2.6.2.min.js]
[duruthemes.com/demo/html/cappa/demo2/js/imagesloaded.pkgd.min.js]
[duruthemes.com/demo/html/cappa/demo2/js/jquery.isotope.v3.0.2.js]
[duruthemes.com/demo/html/cappa/demo2/js/pace.js]
[duruthemes.com/demo/html/cappa/demo2/js/popper.min.js]
[duruthemes.com/demo/html/cappa/demo2/js/bootstrap.min.js]
[duruthemes.com/demo/html/cappa/demo2/js/scrollIt.min.js]
[duruthemes.com/demo/html/cappa/demo2/js/jquery.waypoints.min.js]
[duruthemes.com/demo/html/cappa/demo2/js/owl.carousel.min.js]
[duruthemes.com/demo/html/cappa/demo2/js/jquery.stellar.min.js]
[duruthemes.com/demo/html/cappa/demo2/js/jquery.magnific-popup.js]
[duruthemes.com/demo/html/cappa/demo2/js/YouTubePopUp.js]
[duruthemes.com/demo/html/cappa/demo2/js/select2.js]
[duruthemes.com/demo/html/cappa/demo2/js/datepicker.js]
[duruthemes.com/demo/html/cappa/demo2/js/smooth-scroll.min.js]
[duruthemes.com/demo/html/cappa/demo2/index.html]
[duruthemes.com/demo/html/cappa/demo2/js/custom.js]
[duruthemes.com/demo/html/cappa/demo2/css/plugins/bootstrap.min.css]
[duruthemes.com/demo/html/cappa/demo2/css/plugins/owl.carousel.min.css]
[duruthemes.com/demo/html/cappa/demo2/css/plugins/owl.theme.default.min.css]
[duruthemes.com/demo/html/cappa/demo2/css/plugins/animate.min.css]
[duruthemes.com/demo/html/cappa/demo2/css/plugins/themify-icons.css]
[duruthemes.com/demo/html/cappa/demo2/css/plugins/flaticon.css]
[duruthemes.com/demo/html/cappa/demo2/css/plugins/magnific-popup.css]
[duruthemes.com/demo/html/cappa/demo2/css/plugins/YouTubePopUp.css]
[duruthemes.com/demo/html/cappa/demo2/css/plugins/select2.css]
[duruthemes.com/demo/html/cappa/demo2/css/plugins/datepicker.css]
[duruthemes.com/demo/html/cappa/demo2/css/plugins/vegas.slider.min.css]
[duruthemes.com/demo/html/cappa/demo2/css/plugins.css]
[duruthemes.com/demo/html/cappa/demo2/css/style.css]
[duruthemes.com/demo/html/cappa/demo2/img/slider/4.jpg]
[duruthemes.com/demo/html/cappa/demo2/index2.html]
[duruthemes.com/demo/html/cappa/demo2/img/rooms/6.jpg]
[duruthemes.com/demo/html/cappa/demo2/img/rooms/9.jpg]
[duruthemes.com/demo/html/cappa/demo2/index3.html]
[duruthemes.com/demo/html/cappa/demo2/index4.html]
[duruthemes.com/demo/html/cappa/demo2/index5.html]
[duruthemes.com/demo/html/cappa/demo2/index6.html]
[duruthemes.com/demo/html/cappa/demo2/index7.html]
[duruthemes.com/demo/html/cappa/demo2/index8.html]
[duruthemes.com/demo/html/cappa/demo2/index9.html]
[duruthemes.com/demo/html/cappa/demo2/index10.html]
[duruthemes.com/demo/html/cappa/demo2/index11.html]
[duruthemes.com/demo/html/cappa/demo2/index12.html]
[duruthemes.com/demo/html/cappa/demo2/js/vegas.slider.min.js]
[duruthemes.com/demo/html/cappa/demo2/index13.html]
[duruthemes.com/demo/html/cappa/demo2/img/slider/5.jpg]
[duruthemes.com/demo/html/cappa/demo2/img/slider/7.jpg]
[duruthemes.com/demo/html/cappa/demo2/index14.html]
[duruthemes.com/demo/html/cappa/demo2/index15.html]
[duruthemes.com/demo/html/cappa/demo2/img/team/2.jpg]
[duruthemes.com/demo/html/cappa/demo2/img/team/3.jpg]
[duruthemes.com/demo/html/cappa/demo2/img/team/6.jpg]
[duruthemes.com/demo/html/cappa/demo2/about.html]
[duruthemes.com/demo/html/cappa/demo2/rooms.html]
[duruthemes.com/demo/html/cappa/demo2/rooms2.html]
[duruthemes.com/demo/html/cappa/demo2/rooms3.html]
[duruthemes.com/demo/html/cappa/demo2/img/rooms/5.jpg]
[duruthemes.com/demo/html/cappa/demo2/room-details.html]
[duruthemes.com/demo/html/cappa/demo2/img/restaurant/2.jpg]
[duruthemes.com/demo/html/cappa/demo2/img/restaurant/3.jpg]
[duruthemes.com/demo/html/cappa/demo2/restaurant.html]
[duruthemes.com/demo/html/cappa/demo2/spa-wellness.html]
[duruthemes.com/demo/html/cappa/demo2/services.html]
[duruthemes.com/demo/html/cappa/demo2/facilities.html]
[duruthemes.com/demo/html/cappa/demo2/img/rooms/10.jpg]
[duruthemes.com/demo/html/cappa/demo2/gallery.html]
[duruthemes.com/demo/html/cappa/demo2/team.html]
[duruthemes.com/demo/html/cappa/demo2/pricing.html]
[duruthemes.com/demo/html/cappa/demo2/careers.html]
[duruthemes.com/demo/html/cappa/demo2/faq.html]
[duruthemes.com/demo/html/cappa/demo2/404.html]
[duruthemes.com/demo/html/cappa/demo2/coming-soon.html]
[duruthemes.com/demo/html/cappa/demo2/news.html]
[duruthemes.com/demo/html/cappa/demo2/news2.html]
[duruthemes.com/demo/html/cappa/demo2/post.html]
[duruthemes.com/demo/html/cappa/demo2/contact.html]
[duruthemes.com/demo/html/cappa/demo2/css/plugins/bootstrap.min.css]
[duruthemes.com/demo/html/cappa/demo2/css/plugins/owl.carousel.min.css]
[duruthemes.com/demo/html/cappa/demo2/css/plugins/owl.theme.default.min.css]
[duruthemes.com/demo/html/cappa/demo2/css/plugins/animate.min.css]
[duruthemes.com/demo/html/cappa/demo2/fonts/themify.eot]
[duruthemes.com/demo/html/cappa/demo2/fonts/themifyd41d.eot]
[duruthemes.com/demo/html/cappa/demo2/fonts/themify.woff]
[duruthemes.com/demo/html/cappa/demo2/fonts/themify.ttf]
[duruthemes.com/demo/html/cappa/demo2/css/plugins/themify-icons.css]
[duruthemes.com/demo/html/cappa/demo2/fonts/Flaticon.eot]
[duruthemes.com/demo/html/cappa/demo2/fonts/themify.svg]
[duruthemes.com/demo/html/cappa/demo2/fonts/Flaticond41d.eot]
[duruthemes.com/demo/html/cappa/demo2/fonts/Flaticon.woff2]
[duruthemes.com/demo/html/cappa/demo2/fonts/Flaticon.woff]
[duruthemes.com/demo/html/cappa/demo2/fonts/Flaticon.ttf]
[duruthemes.com/demo/html/cappa/demo2/css/plugins/flaticon.css]
[duruthemes.com/demo/html/cappa/demo2/css/plugins/magnific-popup.css]
[duruthemes.com/demo/html/cappa/demo2/fonts/Flaticon.svg]
[duruthemes.com/demo/html/cappa/demo2/css/plugins/close.png]
[duruthemes.com/demo/html/cappa/demo2/css/plugins/YouTubePopUp.css]
[duruthemes.com/demo/html/cappa/demo2/css/plugins/select2.css]
[duruthemes.com/demo/html/cappa/demo2/css/plugins/datepicker.css]
[duruthemes.com/demo/html/cappa/demo2/css/plugins/vegas.slider.min.css]
[duruthemes.com/demo/html/cappa/demo2/post2.html]
[duruthemes.com/demo/html/cappa/demo2/blog2.html]
[duruthemes.com/demo/html/cappa/demo2/post3.html]
[www.duruthemes.com/idesign/Roboto-v3/css/plugins/owl.video.play.html]
[duruthemes.com/demo/html/cappa/demo2/fonts/themify.svg]
[duruthemes.com/demo/html/cappa/demo2/fonts/Flaticon.svg]
[duruthemes.com/demo/html/cappa/demo2/css/plugins/Flaticon.html]
